CRITICAL - 2022-03-16 14:18:32 --> Invalid file: cursos/listars.php
#0 C:\xampp\htdocs\codeigniterCursos\system\View\View.php(198): CodeIgniter\Exceptions\FrameworkException::forInvalidFile('cursos/listars....')
#1 C:\xampp\htdocs\codeigniterCursos\system\Common.php(1089): CodeIgniter\View\View->render('cursos/listars', Array, true)
#2 C:\xampp\htdocs\codeigniterCursos\app\Controllers\Cursos.php(9): view('cursos/listars')
#3 C:\xampp\htdocs\codeigniterCursos\system\CodeIgniter.php(832): App\Controllers\Cursos->index()
#4 C:\xampp\htdocs\codeigniterCursos\system\CodeIgniter.php(419): CodeIgniter\CodeIgniter->runController(Object(App\Controllers\Cursos))
#5 C:\xampp\htdocs\codeigniterCursos\system\CodeIgniter.php(326): CodeIgniter\CodeIgniter->handleRequest(NULL, Object(Config\Cache), false)
#6 C:\xampp\htdocs\codeigniterCursos\public\index.php(37): CodeIgniter\CodeIgniter->run()
#7 {main}
CRITICAL - 2022-03-16 14:18:50 --> Invalid file: cursos/listars.php
#0 C:\xampp\htdocs\codeigniterCursos\system\View\View.php(198): CodeIgniter\Exceptions\FrameworkException::forInvalidFile('cursos/listars....')
#1 C:\xampp\htdocs\codeigniterCursos\system\Common.php(1089): CodeIgniter\View\View->render('cursos/listars', Array, true)
#2 C:\xampp\htdocs\codeigniterCursos\app\Controllers\Cursos.php(9): view('cursos/listars')
#3 C:\xampp\htdocs\codeigniterCursos\system\CodeIgniter.php(832): App\Controllers\Cursos->index()
#4 C:\xampp\htdocs\codeigniterCursos\system\CodeIgniter.php(419): CodeIgniter\CodeIgniter->runController(Object(App\Controllers\Cursos))
#5 C:\xampp\htdocs\codeigniterCursos\system\CodeIgniter.php(326): CodeIgniter\CodeIgniter->handleRequest(NULL, Object(Config\Cache), false)
#6 C:\xampp\htdocs\codeigniterCursos\public\index.php(37): CodeIgniter\CodeIgniter->run()
#7 {main}
CRITICAL - 2022-03-16 14:18:52 --> Invalid file: cursos/listars.php
#0 C:\xampp\htdocs\codeigniterCursos\system\View\View.php(198): CodeIgniter\Exceptions\FrameworkException::forInvalidFile('cursos/listars....')
#1 C:\xampp\htdocs\codeigniterCursos\system\Common.php(1089): CodeIgniter\View\View->render('cursos/listars', Array, true)
#2 C:\xampp\htdocs\codeigniterCursos\app\Controllers\Cursos.php(9): view('cursos/listars')
#3 C:\xampp\htdocs\codeigniterCursos\system\CodeIgniter.php(832): App\Controllers\Cursos->index()
#4 C:\xampp\htdocs\codeigniterCursos\system\CodeIgniter.php(419): CodeIgniter\CodeIgniter->runController(Object(App\Controllers\Cursos))
#5 C:\xampp\htdocs\codeigniterCursos\system\CodeIgniter.php(326): CodeIgniter\CodeIgniter->handleRequest(NULL, Object(Config\Cache), false)
#6 C:\xampp\htdocs\codeigniterCursos\public\index.php(37): CodeIgniter\CodeIgniter->run()
#7 {main}
CRITICAL - 2022-03-16 14:18:54 --> Invalid file: cursos/listars.php
#0 C:\xampp\htdocs\codeigniterCursos\system\View\View.php(198): CodeIgniter\Exceptions\FrameworkException::forInvalidFile('cursos/listars....')
#1 C:\xampp\htdocs\codeigniterCursos\system\Common.php(1089): CodeIgniter\View\View->render('cursos/listars', Array, true)
#2 C:\xampp\htdocs\codeigniterCursos\app\Controllers\Cursos.php(9): view('cursos/listars')
#3 C:\xampp\htdocs\codeigniterCursos\system\CodeIgniter.php(832): App\Controllers\Cursos->index()
#4 C:\xampp\htdocs\codeigniterCursos\system\CodeIgniter.php(419): CodeIgniter\CodeIgniter->runController(Object(App\Controllers\Cursos))
#5 C:\xampp\htdocs\codeigniterCursos\system\CodeIgniter.php(326): CodeIgniter\CodeIgniter->handleRequest(NULL, Object(Config\Cache), false)
#6 C:\xampp\htdocs\codeigniterCursos\public\index.php(37): CodeIgniter\CodeIgniter->run()
#7 {main}
CRITICAL - 2022-03-16 14:19:02 --> Invalid file: cursos/listars.php
#0 C:\xampp\htdocs\codeigniterCursos\system\View\View.php(198): CodeIgniter\Exceptions\FrameworkException::forInvalidFile('cursos/listars....')
#1 C:\xampp\htdocs\codeigniterCursos\system\Common.php(1089): CodeIgniter\View\View->render('cursos/listars', Array, true)
#2 C:\xampp\htdocs\codeigniterCursos\app\Controllers\Cursos.php(9): view('cursos/listars')
#3 C:\xampp\htdocs\codeigniterCursos\system\CodeIgniter.php(832): App\Controllers\Cursos->index()
#4 C:\xampp\htdocs\codeigniterCursos\system\CodeIgniter.php(419): CodeIgniter\CodeIgniter->runController(Object(App\Controllers\Cursos))
#5 C:\xampp\htdocs\codeigniterCursos\system\CodeIgniter.php(326): CodeIgniter\CodeIgniter->handleRequest(NULL, Object(Config\Cache), false)
#6 C:\xampp\htdocs\codeigniterCursos\public\index.php(37): CodeIgniter\CodeIgniter->run()
#7 {main}
CRITICAL - 2022-03-16 14:19:07 --> Invalid file: cursos/listars.php
#0 C:\xampp\htdocs\codeigniterCursos\system\View\View.php(198): CodeIgniter\Exceptions\FrameworkException::forInvalidFile('cursos/listars....')
#1 C:\xampp\htdocs\codeigniterCursos\system\Common.php(1089): CodeIgniter\View\View->render('cursos/listars', Array, true)
#2 C:\xampp\htdocs\codeigniterCursos\app\Controllers\Cursos.php(9): view('cursos/listars')
#3 C:\xampp\htdocs\codeigniterCursos\system\CodeIgniter.php(832): App\Controllers\Cursos->index()
#4 C:\xampp\htdocs\codeigniterCursos\system\CodeIgniter.php(419): CodeIgniter\CodeIgniter->runController(Object(App\Controllers\Cursos))
#5 C:\xampp\htdocs\codeigniterCursos\system\CodeIgniter.php(326): CodeIgniter\CodeIgniter->handleRequest(NULL, Object(Config\Cache), false)
#6 C:\xampp\htdocs\codeigniterCursos\public\index.php(37): CodeIgniter\CodeIgniter->run()
#7 {main}
